<?xml version="1.0" encoding="UTF-8"?>
<testng-results skipped="0" failed="0" total="1" passed="1">
  <reporter-output>
  </reporter-output>
  <suite name="Default suite" duration-ms="37146" started-at="2018-04-07T12:48:46Z" finished-at="2018-04-07T12:49:23Z">
    <groups>
    </groups>
    <test name="Default test" duration-ms="37146" started-at="2018-04-07T12:48:46Z" finished-at="2018-04-07T12:49:23Z">
      <class name="com.qa.FreeCRM.homepage.HomePageTest">
        <test-method status="PASS" signature="HomePageTest1()[pri:0, instance:com.qa.FreeCRM.homepage.HomePageTest@1593948d]" name="HomePageTest1" is-config="true" duration-ms="19854" started-at="2018-04-07T13:48:46Z" finished-at="2018-04-07T13:49:06Z">
          <reporter-output>
          </reporter-output>
        </test-method> <!-- HomePageTest1 -->
        <test-method status="PASS" signature="Datepick()[pri:0, instance:com.qa.FreeCRM.homepage.HomePageTest@1593948d]" name="Datepick" duration-ms="17259" started-at="2018-04-07T13:49:06Z" finished-at="2018-04-07T13:49:23Z">
          <reporter-output>
          </reporter-output>
        </test-method> <!-- Datepick -->
      </class> <!-- com.qa.FreeCRM.homepage.HomePageTest -->
    </test> <!-- Default test -->
  </suite> <!-- Default suite -->
</testng-results>
